<?xml version="1.0" encoding="UTF-8"?>
<testng-results ignored="0" total="1" passed="1" failed="0" skipped="0">
  <reporter-output>
  </reporter-output>
  <suite started-at="2022-12-20T17:47:04Z" name="Default suite" finished-at="2022-12-20T17:47:52Z" duration-ms="48048">
    <groups>
      <group name="cucumber">
        <method signature="AbstractTestNGCucumberTests.runScenario(io.cucumber.testng.PickleWrapper, io.cucumber.testng.FeatureWrapper)[pri:0, instance:my_runner_package.Runner_class@34cdeda2]" name="runScenario" class="io.cucumber.testng.AbstractTestNGCucumberTests"/>
      </group> <!-- cucumber -->
    </groups>
    <test started-at="2022-12-20T17:47:04Z" name="Default test" finished-at="2022-12-20T17:47:52Z" duration-ms="48048">
      <class name="my_runner_package.Runner_class">
        <test-method is-config="true" signature="setUpClass()[pri:0, instance:my_runner_package.Runner_class@34cdeda2]" started-at="2022-12-20T17:47:04Z" name="setUpClass" finished-at="2022-12-20T17:47:04Z" duration-ms="255" status="PASS">
          <reporter-output>
          </reporter-output>
        </test-method> <!-- setUpClass -->
        <test-method signature="runScenario(io.cucumber.testng.PickleWrapper, io.cucumber.testng.FeatureWrapper)[pri:0, instance:my_runner_package.Runner_class@34cdeda2]" started-at="2022-12-20T17:47:04Z" name="runScenario" description="Runs Cucumber Scenarios" data-provider="scenarios" finished-at="2022-12-20T17:47:52Z" duration-ms="47720" status="PASS">
          <params>
            <param index="0">
              <value>
                <![CDATA["User can login to the application with valid credentials and Buy the  men's jacket"]]>
              </value>
            </param>
            <param index="1">
              <value>
                <![CDATA["Optional[valid user can Buy the men jacket In luma Page]"]]>
              </value>
            </param>
          </params>
          <reporter-output>
          </reporter-output>
        </test-method> <!-- runScenario -->
        <test-method is-config="true" signature="tearDownClass()[pri:0, instance:my_runner_package.Runner_class@34cdeda2]" started-at="2022-12-20T17:47:52Z" name="tearDownClass" finished-at="2022-12-20T17:47:52Z" duration-ms="60" status="PASS">
          <reporter-output>
          </reporter-output>
        </test-method> <!-- tearDownClass -->
      </class> <!-- my_runner_package.Runner_class -->
    </test> <!-- Default test -->
  </suite> <!-- Default suite -->
</testng-results>
